# JRE version: OpenJDK Runtime Environment (8.0_181-b13) (build 1.8.0_181-8u181-b13-0ubuntu0.16.04.1-b13)
# Java VM: OpenJDK 64-Bit Server VM (25.181-b13 mixed mode linux-amd64 compressed oops)
Heap:
 PSYoungGen      total 145920K, used 70412K [0x0000000742f80000, 0x0000000750280000, 0x00000007c0000000)
  eden space 92160K, 43% used [0x0000000742f80000,0x000000074564d5a0,0x0000000748980000)
  from space 53760K, 57% used [0x000000074ce00000,0x000000074ebf5cd0,0x0000000750280000)
  to   space 61952K, 0% used [0x0000000748980000,0x0000000748980000,0x000000074c600000)
 ParOldGen       total 246272K, used 103876K [0x0000000648e00000, 0x0000000657e80000, 0x0000000742f80000)
  object space 246272K, 42% used [0x0000000648e00000,0x000000064f371378,0x0000000657e80000)
 Metaspace       used 22687K, capacity 22984K, committed 23040K, reserved 1069056K
  class space    used 2649K, capacity 2770K, committed 2816K, reserved 1048576K
GC Heap History (10 events):
Event: 181,318 GC heap before
{Heap before GC invocations=4 (full 1):
 PSYoungGen      total 112128K, used 96256K [0x0000000742f80000, 0x000000074ac80000, 0x00000007c0000000)
  eden space 96256K, 100% used [0x0000000742f80000,0x0000000748d80000,0x0000000748d80000)
  from space 15872K, 0% used [0x0000000749d00000,0x0000000749d00000,0x000000074ac80000)
  to   space 15872K, 0% used [0x0000000748d80000,0x0000000748d80000,0x0000000749d00000)
 ParOldGen       total 104960K, used 8254K [0x0000000648e00000, 0x000000064f480000, 0x0000000742f80000)
  object space 104960K, 7% used [0x0000000648e00000,0x000000064960f950,0x000000064f480000)
 Metaspace       used 22188K, capacity 22512K, committed 22784K, reserved 1069056K
  class space    used 2603K, capacity 2702K, committed 2816K, reserved 1048576K
Event: 181,342 GC heap after
Heap after GC invocations=4 (full 1):
 PSYoungGen      total 112128K, used 15872K [0x0000000742f80000, 0x000000074ac80000, 0x00000007c0000000)
  eden space 96256K, 0% used [0x0000000742f80000,0x0000000742f80000,0x0000000748d80000)
  from space 15872K, 100% used [0x0000000748d80000,0x0000000749d00000,0x0000000749d00000)
  to   space 15872K, 0% used [0x0000000749d00000,0x0000000749d00000,0x000000074ac80000)
 ParOldGen       total 104960K, used 22797K [0x0000000648e00000, 0x000000064f480000, 0x0000000742f80000)
  object space 104960K, 21% used [0x0000000648e00000,0x000000064a443700,0x000000064f480000)
 Metaspace       used 22188K, capacity 22512K, committed 22784K, reserved 1069056K
  class space    used 2603K, capacity 2702K, committed 2816K, reserved 1048576K
}
Event: 205,008 GC heap before
{Heap before GC invocations=5 (full 1):
 PSYoungGen      total 112128K, used 112128K [0x0000000742f80000, 0x000000074ac80000, 0x00000007c0000000)
  eden space 96256K, 100% used [0x0000000742f80000,0x0000000748d80000,0x0000000748d80000)
  from space 15872K, 100% used [0x0000000748d80000,0x0000000749d00000,0x0000000749d00000)
  to   space 15872K, 0% used [0x0000000749d00000,0x0000000749d00000,0x000000074ac80000)
 ParOldGen       total 104960K, used 22797K [0x0000000648e00000, 0x000000064f480000, 0x0000000742f80000)
  object space 104960K, 21% used [0x0000000648e00000,0x000000064a443700,0x000000064f480000)
 Metaspace       used 22188K, capacity 22512K, committed 22784K, reserved 1069056K
  class space    used 2603K, capacity 2702K, committed 2816K, reserved 1048576K
Event: 205,049 GC heap after
Heap after GC invocations=5 (full 1):
 PSYoungGen      total 112128K, used 15840K [0x0000000742f80000, 0x000000074ac80000, 0x00000007c0000000)
  eden space 96256K, 0% used [0x0000000742f80000,0x0000000742f80000,0x0000000748d80000)
  from space 15872K, 99% used [0x0000000749d00000,0x000000074ac78240,0x000000074ac80000)
  to   space 15872K, 0% used [0x0000000748d80000,0x0000000748d80000,0x0000000749d00000)
 ParOldGen       total 104960K, used 58356K [0x0000000648e00000, 0x000000064f480000, 0x0000000742f80000)
  object space 104960K, 55% used [0x0000000648e00000,0x000000064c6fd2b0,0x000000064f480000)
 Metaspace       used 22188K, capacity 22512K, committed 22784K, reserved 1069056K
  class space    used 2603K, capacity 2702K, committed 2816K, reserved 1048576K
}
Event: 228,906 GC heap before
{Heap before GC invocations=6 (full 1):
 PSYoungGen      total 112128K, used 112096K [0x0000000742f80000, 0x000000074ac80000, 0x00000007c0000000)
  eden space 96256K, 100% used [0x0000000742f80000,0x0000000748d80000,0x0000000748d80000)
  from space 15872K, 99% used [0x0000000749d00000,0x000000074ac78240,0x000000074ac80000)
  to   space 15872K, 0% used [0x0000000748d80000,0x0000000748d80000,0x0000000749d00000)
 ParOldGen       total 104960K, used 58356K [0x0000000648e00000, 0x000000064f480000, 0x0000000742f80000)
  object space 104960K, 55% used [0x0000000648e00000,0x000000064c6fd2b0,0x000000064f480000)
 Metaspace       used 22188K, capacity 22512K, committed 22784K, reserved 1069056K
  class space    used 2603K, capacity 2702K, committed 2816K, reserved 1048576K
Event: 228,993 GC heap after
Heap after GC invocations=6 (full 1):
 PSYoungGen      total 110080K, used 15856K [0x0000000742f80000, 0x0000000751080000, 0x00000007c0000000)
  eden space 94208K, 0% used [0x0000000742f80000,0x0000000742f80000,0x0000000748b80000)
  from space 15872K, 99% used [0x0000000748d80000,0x0000000749cfc230,0x0000000749d00000)
  to   space 68096K, 0% used [0x000000074ce00000,0x000000074ce00000,0x0000000751080000)
 ParOldGen       total 104960K, used 93816K [0x0000000648e00000, 0x000000064f480000, 0x0000000742f80000)
  object space 104960K, 89% used [0x0000000648e00000,0x000000064e99e340,0x000000064f480000)
 Metaspace       used 22188K, capacity 22512K, committed 22784K, reserved 1069056K
  class space    used 2603K, capacity 2702K, committed 2816K, reserved 1048576K
}
Event: 228,993 GC heap before
{Heap before GC invocations=7 (full 2):
 PSYoungGen      total 110080K, used 15856K [0x0000000742f80000, 0x0000000751080000, 0x00000007c0000000)
  eden space 94208K, 0% used [0x0000000742f80000,0x0000000742f80000,0x0000000748b80000)
  from space 15872K, 99% used [0x0000000748d80000,0x0000000749cfc230,0x0000000749d00000)
  to   space 68096K, 0% used [0x000000074ce00000,0x000000074ce00000,0x0000000751080000)
 ParOldGen       total 104960K, used 93816K [0x0000000648e00000, 0x000000064f480000, 0x0000000742f80000)
  object space 104960K, 89% used [0x0000000648e00000,0x000000064e99e340,0x000000064f480000)
 Metaspace       used 22188K, capacity 22512K, committed 22784K, reserved 1069056K
  class space    used 2603K, capacity 2702K, committed 2816K, reserved 1048576K
Event: 229,421 GC heap after
Heap after GC invocations=7 (full 2):
 PSYoungGen      total 110080K, used 0K [0x0000000742f80000, 0x0000000751080000, 0x00000007c0000000)
  eden space 94208K, 0% used [0x0000000742f80000,0x0000000742f80000,0x0000000748b80000)
  from space 15872K, 0% used [0x0000000748d80000,0x0000000748d80000,0x0000000749d00000)
  to   space 68096K, 0% used [0x000000074ce00000,0x000000074ce00000,0x0000000751080000)
 ParOldGen       total 246272K, used 103876K [0x0000000648e00000, 0x0000000657e80000, 0x0000000742f80000)
  object space 246272K, 42% used [0x0000000648e00000,0x000000064f371378,0x0000000657e80000)
 Metaspace       used 22188K, capacity 22512K, committed 22784K, reserved 1069056K
  class space    used 2603K, capacity 2702K, committed 2816K, reserved 1048576K
}
Event: 249,550 GC heap before
{Heap before GC invocations=8 (full 2):
 PSYoungGen      total 110080K, used 94208K [0x0000000742f80000, 0x0000000751080000, 0x00000007c0000000)
  eden space 94208K, 100% used [0x0000000742f80000,0x0000000748b80000,0x0000000748b80000)
  from space 15872K, 0% used [0x0000000748d80000,0x0000000748d80000,0x0000000749d00000)
  to   space 68096K, 0% used [0x000000074ce00000,0x000000074ce00000,0x0000000751080000)
 ParOldGen       total 246272K, used 103876K [0x0000000648e00000, 0x0000000657e80000, 0x0000000742f80000)
  object space 246272K, 42% used [0x0000000648e00000,0x000000064f371378,0x0000000657e80000)
 Metaspace       used 22188K, capacity 22512K, committed 22784K, reserved 1069056K
  class space    used 2603K, capacity 2702K, committed 2816K, reserved 1048576K
Event: 249,576 GC heap after
Heap after GC invocations=8 (full 2):
 PSYoungGen      total 145920K, used 30679K [0x0000000742f80000, 0x0000000750280000, 0x00000007c0000000)
  eden space 92160K, 0% used [0x0000000742f80000,0x0000000742f80000,0x0000000748980000)
  from space 53760K, 57% used [0x000000074ce00000,0x000000074ebf5cd0,0x0000000750280000)
  to   space 61952K, 0% used [0x0000000748980000,0x0000000748980000,0x000000074c600000)
 ParOldGen       total 246272K, used 103876K [0x0000000648e00000, 0x0000000657e80000, 0x0000000742f80000)
  object space 246272K, 42% used [0x0000000648e00000,0x000000064f371378,0x0000000657e80000)
 Metaspace       used 22188K, capacity 22512K, committed 22784K, reserved 1069056K
  class space    used 2603K, capacity 2702K, committed 2816K, reserved 1048576K
}

